<?xml version="1.0" encoding="UTF-8"?>
<testng-results ignored="0" total="1" passed="1" failed="0" skipped="0">
  <reporter-output>
  </reporter-output>
  <suite started-at="2023-01-16T11:33:52 IST" name="AmaozRealtime" finished-at="2023-01-16T11:34:00 IST" duration-ms="8332">
    <groups>
    </groups>
    <test started-at="2023-01-16T11:33:52 IST" name="Amaozn" finished-at="2023-01-16T11:34:00 IST" duration-ms="8332">
      <class name="AmazonTestPage.MainPage">
        <test-method signature="AmazonRealTime()[pri:0, instance:AmazonTestPage.MainPage@4b0d79fc]" started-at="2023-01-16T11:33:52 IST" name="AmazonRealTime" finished-at="2023-01-16T11:34:00 IST" duration-ms="8283" status="PASS">
          <reporter-output>
          </reporter-output>
        </test-method> <!-- AmazonRealTime -->
      </class> <!-- AmazonTestPage.MainPage -->
    </test> <!-- Amaozn -->
  </suite> <!-- AmaozRealtime -->
</testng-results>
