<?xml version="1.0" encoding="UTF-8"?>
<testng-results ignored="0" total="1" passed="1" failed="0" skipped="0">
  <reporter-output>
  </reporter-output>
  <suite started-at="2023-01-08T13:23:35 IST" name="AmaozRealtime" finished-at="2023-01-08T13:23:41 IST" duration-ms="5644">
    <groups>
    </groups>
    <test started-at="2023-01-08T13:23:35 IST" name="Amaozn" finished-at="2023-01-08T13:23:41 IST" duration-ms="5644">
      <class name="AmazonTestPage.MainPage">
        <test-method signature="AmazonRealTime()[pri:0, instance:AmazonTestPage.MainPage@2dc54ad4]" started-at="2023-01-08T13:23:35 IST" name="AmazonRealTime" finished-at="2023-01-08T13:23:41 IST" duration-ms="5611" status="PASS">
          <reporter-output>
          </reporter-output>
        </test-method> <!-- AmazonRealTime -->
      </class> <!-- AmazonTestPage.MainPage -->
    </test> <!-- Amaozn -->
  </suite> <!-- AmaozRealtime -->
</testng-results>
